<?xml version="1.0" encoding="UTF-8"?>
<!DOCTYPE html>
<html xmlns="http://www.w3.org/1999/xhtml" xmlns:html="http://www.w3.org/1999/xhtml"><head><!--
			ExtentReports Library 2.41.1 | http://relevantcodes.com/extentreports-for-selenium/ | https://github.com/anshooarora/
			Copyright (c) 2015, Anshoo Arora (Relevant Codes) | Copyrights licensed under the New BSD License | http://opensource.org/licenses/BSD-3-Clause
			Documentation: http://extentreports.relevantcodes.com 
		--><meta charset="UTF-8" /><meta name="description" content="ExtentReports (by Anshoo Arora) is a reporting library for automation testing for .NET and Java. It creates detailed and beautiful HTML reports for modern browsers. ExtentReports shows test and step summary along with dashboards, system and environment details for quick analysis of your tests." /><meta name="robots" content="noodp, noydir" /><meta name="viewport" content="width=device-width, initial-scale=1" /><meta name="extentx" id="extentx" content="" /><title>
				ExtentReports 2.0
		</title><link href="https://fonts.googleapis.com/css?family=Source+Sans+Pro:400,600" rel="stylesheet" type="text/css" /><link href="https://cdn.rawgit.com/anshooarora/extentreports/6032d73243ba4fe4fb8769eb9c315d4fdf16fe68/cdn/extent.css" type="text/css" rel="stylesheet" /><style>
				
            
                
            
        
		</style></head><body class="extent default standard hide-overflow">
		<!-- nav -->
		<nav>
			<div class="logo-container blue darken-2">
				<a shape="rect" class="logo-content" href="http://extentreports.relevantcodes.com">
					<span>ExtentReports</span>
				</a>
				<a shape="rect" class="button-collapse hide-on-large-only" href="#" data-activates="slide-out"><i class="mdi-navigation-apps" /></a>
			</div>
			<ul class="side-nav fixed hide-on-med-and-down" id="slide-out"><li class="analysis waves-effect active"><a shape="rect" class="test-view" href="#!" onclick="_updateCurrentStage(0)"><i class="mdi-action-dashboard" />Test Details</a></li><li class="analysis waves-effect"><a shape="rect" class="exceptions-view" href="#!" onclick="_updateCurrentStage(2)"><i class="mdi-action-bug-report" />Exceptions</a></li><li class="analysis waves-effect">
					<a shape="rect" class="dashboard-view" href="#!" onclick="_updateCurrentStage(-1)"><i class="mdi-action-track-changes" />Analysis</a>
				</li></ul>
			<span class="report-name">Automation Report</span> <span class="report-headline" />
			<ul class="right hide-on-med-and-down nav-right"><li class="theme-selector" alt="Click to toggle dark theme. To enable by default, use js configuration $(&quot;body&quot;).addClass(&quot;dark&quot;);" title="Click to toggle dark theme. To enable by default, use js configuration $(&quot;body&quot;).addClass(&quot;dark&quot;);">
					<i class="mdi-hardware-desktop-windows" />
				</li><li>
					<span class="suite-started-time">2019-11-05 19:02:09</span>
				</li><li>
					<span>v2.41.1</span>
				</li></ul>
		</nav>
		<!-- /nav -->
		
		<!-- container -->
		<div class="container">
			
			<!-- dashboard -->
			<div class="row" id="dashboard-view">
				<div class="time-totals">
					<div class="col l2 m4 s6">
						<div class="card suite-total-tests"> 
							<span class="panel-name">Total Tests</span> 
							<span class="total-tests"> <span class="panel-lead" /> </span> 
						</div> 
					</div>
					<div class="col l2 m4 s6">
						<div class="card suite-total-steps"> 
							<span class="panel-name">Total Steps</span> 
							<span class="total-steps"> <span class="panel-lead" /> </span> 
						</div> 
					</div>
					<div class="col l2 m4 s12">
						<div class="card suite-total-time-current"> 
							<span class="panel-name">Total Time Taken (Current Run)</span> 
							<span class="suite-total-time-current-value panel-lead">0h 1m 9s+660ms</span> 
						</div> 
					</div>
					<div class="col l2 m4 s12">
						<div class="card suite-total-time-overall"> 
							<span class="panel-name">Total Time Taken (Overall)</span> 
							<span class="suite-total-time-overall-value panel-lead">0h 1m 9s+660ms</span> 
						</div> 
					</div>
					<div class="col l2 m4 s6 suite-start-time">
						<div class="card accent green-accent"> 
							<span class="panel-name">Start</span> 
							<span class="panel-lead suite-started-time">2019-11-05 19:00:59</span> 
						</div> 
					</div>
					<div class="col l2 m4 s6 suite-end-time">
						<div class="card accent pink-accent"> 
							<span class="panel-name">End</span> 
							<span class="panel-lead suite-ended-time">2019-11-05 19:02:09</span> 
						</div> 
					</div>
				</div>
				<div class="charts">
					<div class="col s12 m6 l4 fh"> 
						<div class="card-panel"> 
							<div>
								<span class="panel-name">Tests View</span>
							</div> 
							<div class="panel-setting modal-trigger test-count-setting right">
								<a shape="rect" href="#test-count-setting"><i class="mdi-navigation-more-vert text-md" /></a>
							</div> 
							<div class="chart-box">
								<canvas class="text-centered" id="test-analysis" />
							</div> 
							<div>
								<span class="weight-light"><span class="t-pass-count weight-normal" /> test(s) passed</span>
							</div> 
							<div>
								<span class="weight-light"><span class="t-fail-count weight-normal" /> test(s) failed, <span class="t-others-count weight-normal" /> others</span>
							</div> 
						</div> 
					</div> 
					<div class="col s12 m6 l4 fh"> 
						<div class="card-panel"> 
							<div>
								<span class="panel-name">Steps View</span>
							</div> 
							<div class="panel-setting modal-trigger step-status-filter right">
								<a shape="rect" href="#step-status-filter"><i class="mdi-navigation-more-vert text-md" /></a>
							</div> 
							<div class="chart-box">
								<canvas class="text-centered" id="step-analysis" />
							</div> 
							<div>
								<span class="weight-light"><span class="s-pass-count weight-normal" /> step(s) passed </span>
							</div> 
							<div>
								<span class="weight-light"><span class="s-fail-count weight-normal" /> step(s) failed, <span class="s-others-count weight-normal" /> others</span>
							</div> 
						</div> 
					</div>
					<div class="col s12 m12 l4 fh"> 
						<div class="card-panel"> 
							<span class="panel-name">Pass Percentage</span> 
							<span class="pass-percentage panel-lead" /> 
							<div class="progress light-blue lighten-3"> 
								<div class="determinate light-blue" /> 
							</div> 
						</div> 
					</div>
				</div>
				<div class="system-view">
					<div class="col l4 m12 s12">
						<div class="card-panel">
							<span class="label info outline right">Environment</span>
							<table><thead><tr><th colspan="1" rowspan="1">Param</th><th colspan="1" rowspan="1">Value</th></tr></thead><tbody><tr><td colspan="1" rowspan="1">User Name</td><td colspan="1" rowspan="1">sanjeevb</td></tr><tr><td colspan="1" rowspan="1">OS</td><td colspan="1" rowspan="1">Windows 10</td></tr><tr><td colspan="1" rowspan="1">Java Version</td><td colspan="1" rowspan="1">1.8.0_172</td></tr><tr><td colspan="1" rowspan="1">Host Name</td><td colspan="1" rowspan="1">PRINHYLTPDL0528</td></tr></tbody></table>
						</div>
					</div>
				</div>
			</div>
			<!-- /dashboard -->
			
			<!-- tests -->
			<div class="row _addedTable" id="test-view">
				<div class="col _addedCell1">
					<div class="contents">
						<div class="card-panel heading">
							<h5>Tests</h5>
						</div>
						<div class="card-panel filters">
							<div>
								<a shape="rect" class="dropdown-button btn-floating btn-small waves-effect waves-light grey tests-toggle" data-activates="tests-toggle" data-constrainwidth="true" data-beloworigin="true" data-hover="true" href="#">
									<i class="mdi-action-reorder" />
								</a>
								<ul class="dropdown-content" id="tests-toggle"><li class="pass"><a shape="rect" href="#!">Pass</a></li><li class="fail"><a shape="rect" href="#!">Fail</a></li><li class="skip"><a shape="rect" href="#!">Skip</a></li><li class="divider" /><li class="clear"><a shape="rect" href="#!">Clear Filters</a></li></ul>
							</div>
							<div>
								<a shape="rect" class="btn-floating btn-small waves-effect waves-light grey" id="clear-filters" alt="Clear Filters" title="Clear Filters">
									<i class="mdi-navigation-close" />
								</a>
							</div>
							<div>
								<a shape="rect" class="btn-floating btn-small waves-effect waves-light grey" id="enableDashboard" alt="Enable Dashboard" title="Enable Dashboard">
									<i class="mdi-action-track-changes" />
								</a>
							</div>
							<div>
								<a shape="rect" class="btn-floating btn-small waves-effect waves-light blue enabled" id="refreshCharts" alt="Refresh Charts on Filters" title="Refresh Charts on Filters">
									<i class="mdi-navigation-refresh" />
								</a>
							</div>
							<div class="search" alt="Search Tests" title="Search Tests">
								<div class="input-field left">
									<input type="text" class="validate" id="searchTests" placeholder="Search Tests..." />
								</div>
								<a shape="rect" class="btn-floating btn-small waves-effect waves-light grey" href="#">
									<i class="mdi-action-search" />
								</a>
							</div>
						</div>
						<div class="card-panel no-padding-h no-padding-v no-margin-v">
							<div class="wrapper">
								<ul class="test-collection" id="test-collection"><li class="collection-item test displayed active fail" extentid="671ad8bb-48f0-4b4f-8efb-784e5fea55e9">
											<div class="test-head">
												<span class="test-name">facebookLoginPage </span>
												<span class="test-status label right outline capitalize fail">fail</span>
												<span class="category-assigned hide" />
											</div>
											<div class="test-body">
												<div class="test-info">
													<span class="test-started-time label green lighten-1 text-white" title="Test started time" alt="Test started time">2019-11-05 19:00:59</span>
													<span class="test-ended-time label red lighten-1 text-white" title="Test ended time" alt="Test ended time">2019-11-05 19:00:59</span>
													<span class="test-time-taken label blue-grey lighten-3 text-white" title="Time taken to finish" alt="Time taken to finish">0h 0m 0s+76ms</span>
												</div>
												<div class="test-desc" />
												<div class="test-attributes">
												</div>
												<div class="test-steps">
													<table class="bordered table-results"><thead><tr><th colspan="1" rowspan="1">Status</th><th colspan="1" rowspan="1">Timestamp</th><th colspan="1" rowspan="1">Details</th></tr></thead><tbody><tr><td colspan="1" rowspan="1" class="status fail" title="fail" alt="fail"><i class="mdi-navigation-cancel" /></td><td colspan="1" rowspan="1" class="timestamp">19:00:59</td><td colspan="1" rowspan="1" class="step-details"><pre>org.openqa.selenium.NoSuchElementException: no such element: Unable to locate element: {"method":"id","selector":"email"}
  (Session info: chrome=78.0.3904.70)
  (Driver info: chromedriver=2.40.565498 (ea082db3280dd6843ebfb08a625e3eb905c4f5ab),platform=Windows NT 10.0.18362 x86_64) (WARNING: The server did not provide any stacktrace information)
Command duration or timeout: 0 milliseconds
For documentation on this error, please visit: https://www.seleniumhq.org/exceptions/no_such_element.html
Build info: version: '3.141.59', revision: 'e82be7d358', time: '2018-11-14T08:17:03'
System info: host: 'PRINHYLTPDL0528', ip: '172.16.52.197', os.name: 'Windows 10', os.arch: 'amd64', os.version: '10.0', java.version: '1.8.0_172'
Driver info: org.openqa.selenium.chrome.ChromeDriver
Capabilities {acceptInsecureCerts: false, acceptSslCerts: false, applicationCacheEnabled: false, browserConnectionEnabled: false, browserName: chrome, chrome: {chromedriverVersion: 2.40.565498 (ea082db3280dd6..., userDataDir: C:\Users\sanjeevb\AppData\L...}, cssSelectorsEnabled: true, databaseEnabled: false, handlesAlerts: true, hasTouchScreen: false, javascriptEnabled: true, locationContextEnabled: true, mobileEmulationEnabled: false, nativeEvents: true, networkConnectionEnabled: false, pageLoadStrategy: normal, platform: XP, platformName: XP, rotatable: false, setWindowRect: true, takesHeapSnapshot: true, takesScreenshot: true, unexpectedAlertBehaviour: , unhandledPromptBehavior: , version: 78.0.3904.70, webStorageEnabled: true}
Session ID: 778a8844589d3ef424ce94f9ffd0985a
*** Element info: {Using=id, value=email}
	at sun.reflect.NativeConstructorAccessorImpl.newInstance0(Native Method)
	at sun.reflect.NativeConstructorAccessorImpl.newInstance(NativeConstructorAccessorImpl.java:62)
	at sun.reflect.DelegatingConstructorAccessorImpl.newInstance(DelegatingConstructorAccessorImpl.java:45)
	at java.lang.reflect.Constructor.newInstance(Constructor.java:423)
	at org.openqa.selenium.remote.ErrorHandler.createThrowable(ErrorHandler.java:214)
	at org.openqa.selenium.remote.ErrorHandler.throwIfResponseFailed(ErrorHandler.java:166)
	at org.openqa.selenium.remote.http.JsonHttpResponseCodec.reconstructValue(JsonHttpResponseCodec.java:40)
	at org.openqa.selenium.remote.http.AbstractHttpResponseCodec.decode(AbstractHttpResponseCodec.java:80)
	at org.openqa.selenium.remote.http.AbstractHttpResponseCodec.decode(AbstractHttpResponseCodec.java:44)
	at org.openqa.selenium.remote.HttpCommandExecutor.execute(HttpCommandExecutor.java:158)
	at org.openqa.selenium.remote.service.DriverCommandExecutor.execute(DriverCommandExecutor.java:83)
	at org.openqa.selenium.remote.RemoteWebDriver.execute(RemoteWebDriver.java:552)
	at org.openqa.selenium.remote.RemoteWebDriver.findElement(RemoteWebDriver.java:323)
	at org.openqa.selenium.remote.RemoteWebDriver.findElementById(RemoteWebDriver.java:372)
	at org.openqa.selenium.By$ById.findElement(By.java:188)
	at org.openqa.selenium.remote.RemoteWebDriver.findElement(RemoteWebDriver.java:315)
	at com.qa.baseFile.Base.facebookLoginPage(Base.java:24)
	at sun.reflect.NativeMethodAccessorImpl.invoke0(Native Method)
	at sun.reflect.NativeMethodAccessorImpl.invoke(NativeMethodAccessorImpl.java:62)
	at sun.reflect.DelegatingMethodAccessorImpl.invoke(DelegatingMethodAccessorImpl.java:43)
	at java.lang.reflect.Method.invoke(Method.java:498)
	at org.testng.internal.MethodInvocationHelper.invokeMethod(MethodInvocationHelper.java:124)
	at org.testng.internal.Invoker.invokeMethod(Invoker.java:583)
	at org.testng.internal.Invoker.invokeTestMethod(Invoker.java:719)
	at org.testng.internal.Invoker.invokeTestMethods(Invoker.java:989)
	at org.testng.internal.TestMethodWorker.invokeTestMethods(TestMethodWorker.java:125)
	at org.testng.internal.TestMethodWorker.run(TestMethodWorker.java:109)
	at org.testng.TestRunner.privateRun(TestRunner.java:648)
	at org.testng.TestRunner.run(TestRunner.java:505)
	at org.testng.SuiteRunner.runTest(SuiteRunner.java:455)
	at org.testng.SuiteRunner.access$000(SuiteRunner.java:40)
	at org.testng.SuiteRunner$SuiteWorker.run(SuiteRunner.java:489)
	at org.testng.internal.thread.ThreadUtil$1.call(ThreadUtil.java:52)
	at java.util.concurrent.FutureTask.run$$$capture(FutureTask.java:266)
	at java.util.concurrent.FutureTask.run(FutureTask.java)
	at java.util.concurrent.ThreadPoolExecutor.runWorker(ThreadPoolExecutor.java:1149)
	at java.util.concurrent.ThreadPoolExecutor$Worker.run(ThreadPoolExecutor.java:624)
	at java.lang.Thread.run(Thread.java:748)
</pre></td></tr></tbody></table>
													<ul class="collapsible node-list" data-collapsible="accordion" />
												</div>
											</div>
										</li></ul>
							</div>
						</div>
					</div>
				</div>
				<div class="col _addedCell2" id="test-details-wrapper">
					<div class="contents">
						<div class="card-panel details-view">
							<h5 class="details-name" />
							<div class="step-filters right">
								<span class="btn-floating btn-small waves-effect waves-light blue" status="info" alt="info" title="info"><i class="mdi-action-info-outline" /></span>
								<span class="btn-floating btn-small waves-effect waves-light green" status="pass" alt="pass" title="pass"><i class="mdi-action-check-circle" /></span>
								<span class="btn-floating btn-small waves-effect waves-light red" status="fail" alt="fail" title="fail"><i class="mdi-navigation-cancel" /></span>
								<span class="btn-floating btn-small waves-effect waves-light red darken-4" status="fatal" alt="fatal" title="fatal"><i class="mdi-navigation-cancel" /></span>
								<span class="btn-floating btn-small waves-effect waves-light red lighten-2" status="error" alt="error" title="error"><i class="mdi-alert-error" /></span>
								<span class="btn-floating btn-small waves-effect waves-light orange" alt="warning" status="warning" title="warning"><i class="mdi-alert-warning" /></span>
								<span class="btn-floating btn-small waves-effect waves-light cyan" status="skip" alt="skip" title="skip"><i class="mdi-content-redo" /></span>
								<span class="btn-floating btn-small waves-effect waves-light grey darken-2" status="clear-step-filter" alt="Clear filters" title="Clear filters"><i class="mdi-content-clear" /></span>
							</div>
							<div class="details-container">
							</div>
						</div>
					</div>
				</div>
			</div>
			<!-- /tests -->
			
			<!-- categories -->
			<!-- /categories -->
			
			<!-- exceptions -->
				<div class="row _addedTable hide" id="exceptions-view">
					<div class="col _addedCell1">
						<div class="contents">
							<div class="card-panel heading">
								<h5>Defects</h5>
							</div>
							<div class="card-panel filters">
								<div class="search" alt="Search tests" title="Search tests">
									<div class="input-field left">
										<input type="text" class="validate" id="searchTests" placeholder="Search tests..." />
									</div>
									<a shape="rect" class="btn-floating btn-small waves-effect waves-light blue lighten-1" href="#">
										<i class="mdi-action-search" />
									</a>
								</div>
							</div>
							<div class="card-panel no-padding-h no-padding-v">
								<div class="wrapper">
									<ul class="exception-collection" id="exception-collection"><li class="exception-item displayed">
												<div class="exception-head">
													<span class="exception-name">org.openqa.selenium.NoSuchElementException</span>
												</div>
												<div class="exception-test-count">
													<span class="fail label">1</span>
												</div>
												<div class="exception-body">
													<div class="exception-tests">
														<table class="bordered"><thead><tr><th colspan="1" rowspan="1">RunDate</th><th colspan="1" rowspan="1">Test Name</th><th colspan="1" rowspan="1">Exception</th></tr></thead><tbody><tr class="fail"><td colspan="1" rowspan="1">2019-11-05 19:00:59</td><td colspan="1" rowspan="1"><span class="exception-link linked" extentid="671ad8bb-48f0-4b4f-8efb-784e5fea55e9">facebookLoginPage</span></td><td colspan="1" rowspan="1"><pre class="exception-message">org.openqa.selenium.NoSuchElementException: no such element: Unable to locate element: {"method":"id","selector":"email"}
  (Session info: chrome=78.0.3904.70)
  (Driver info: chromedriver=2.40.565498 (ea082db3280dd6843ebfb08a625e3eb905c4f5ab),platform=Windows NT 10.0.18362 x86_64) (WARNING: The server did not provide any stacktrace information)
Command duration or timeout: 0 milliseconds
For documentation on this error, please visit: https://www.seleniumhq.org/exceptions/no_such_element.html
Build info: version: '3.141.59', revision: 'e82be7d358', time: '2018-11-14T08:17:03'
System info: host: 'PRINHYLTPDL0528', ip: '172.16.52.197', os.name: 'Windows 10', os.arch: 'amd64', os.version: '10.0', java.version: '1.8.0_172'
Driver info: org.openqa.selenium.chrome.ChromeDriver
Capabilities {acceptInsecureCerts: false, acceptSslCerts: false, applicationCacheEnabled: false, browserConnectionEnabled: false, browserName: chrome, chrome: {chromedriverVersion: 2.40.565498 (ea082db3280dd6..., userDataDir: C:\Users\sanjeevb\AppData\L...}, cssSelectorsEnabled: true, databaseEnabled: false, handlesAlerts: true, hasTouchScreen: false, javascriptEnabled: true, locationContextEnabled: true, mobileEmulationEnabled: false, nativeEvents: true, networkConnectionEnabled: false, pageLoadStrategy: normal, platform: XP, platformName: XP, rotatable: false, setWindowRect: true, takesHeapSnapshot: true, takesScreenshot: true, unexpectedAlertBehaviour: , unhandledPromptBehavior: , version: 78.0.3904.70, webStorageEnabled: true}
Session ID: 778a8844589d3ef424ce94f9ffd0985a
*** Element info: {Using=id, value=email}
	at sun.reflect.NativeConstructorAccessorImpl.newInstance0(Native Method)
	at sun.reflect.NativeConstructorAccessorImpl.newInstance(NativeConstructorAccessorImpl.java:62)
	at sun.reflect.DelegatingConstructorAccessorImpl.newInstance(DelegatingConstructorAccessorImpl.java:45)
	at java.lang.reflect.Constructor.newInstance(Constructor.java:423)
	at org.openqa.selenium.remote.ErrorHandler.createThrowable(ErrorHandler.java:214)
	at org.openqa.selenium.remote.ErrorHandler.throwIfResponseFailed(ErrorHandler.java:166)
	at org.openqa.selenium.remote.http.JsonHttpResponseCodec.reconstructValue(JsonHttpResponseCodec.java:40)
	at org.openqa.selenium.remote.http.AbstractHttpResponseCodec.decode(AbstractHttpResponseCodec.java:80)
	at org.openqa.selenium.remote.http.AbstractHttpResponseCodec.decode(AbstractHttpResponseCodec.java:44)
	at org.openqa.selenium.remote.HttpCommandExecutor.execute(HttpCommandExecutor.java:158)
	at org.openqa.selenium.remote.service.DriverCommandExecutor.execute(DriverCommandExecutor.java:83)
	at org.openqa.selenium.remote.RemoteWebDriver.execute(RemoteWebDriver.java:552)
	at org.openqa.selenium.remote.RemoteWebDriver.findElement(RemoteWebDriver.java:323)
	at org.openqa.selenium.remote.RemoteWebDriver.findElementById(RemoteWebDriver.java:372)
	at org.openqa.selenium.By$ById.findElement(By.java:188)
	at org.openqa.selenium.remote.RemoteWebDriver.findElement(RemoteWebDriver.java:315)
	at com.qa.baseFile.Base.facebookLoginPage(Base.java:24)
	at sun.reflect.NativeMethodAccessorImpl.invoke0(Native Method)
	at sun.reflect.NativeMethodAccessorImpl.invoke(NativeMethodAccessorImpl.java:62)
	at sun.reflect.DelegatingMethodAccessorImpl.invoke(DelegatingMethodAccessorImpl.java:43)
	at java.lang.reflect.Method.invoke(Method.java:498)
	at org.testng.internal.MethodInvocationHelper.invokeMethod(MethodInvocationHelper.java:124)
	at org.testng.internal.Invoker.invokeMethod(Invoker.java:583)
	at org.testng.internal.Invoker.invokeTestMethod(Invoker.java:719)
	at org.testng.internal.Invoker.invokeTestMethods(Invoker.java:989)
	at org.testng.internal.TestMethodWorker.invokeTestMethods(TestMethodWorker.java:125)
	at org.testng.internal.TestMethodWorker.run(TestMethodWorker.java:109)
	at org.testng.TestRunner.privateRun(TestRunner.java:648)
	at org.testng.TestRunner.run(TestRunner.java:505)
	at org.testng.SuiteRunner.runTest(SuiteRunner.java:455)
	at org.testng.SuiteRunner.access$000(SuiteRunner.java:40)
	at org.testng.SuiteRunner$SuiteWorker.run(SuiteRunner.java:489)
	at org.testng.internal.thread.ThreadUtil$1.call(ThreadUtil.java:52)
	at java.util.concurrent.FutureTask.run$$$capture(FutureTask.java:266)
	at java.util.concurrent.FutureTask.run(FutureTask.java)
	at java.util.concurrent.ThreadPoolExecutor.runWorker(ThreadPoolExecutor.java:1149)
	at java.util.concurrent.ThreadPoolExecutor$Worker.run(ThreadPoolExecutor.java:624)
	at java.lang.Thread.run(Thread.java:748)
</pre></td></tr></tbody></table>
													</div>
												</div> 
											</li></ul>
								</div>
							</div>
						</div>
					</div>
					<div class="col _addedCell2" id="exception-details-wrapper">
						<div class="contents">
							<div class="card-panel details-view">
								<h5 class="exception-name" />
								<div class="exception-container">
								</div>
							</div>
						</div>
					</div>
				</div>
			<!-- /exceptions -->
			
			<!-- testrunner logs -->
			<!-- /testrunner logs -->
			
		</div>
		<!-- /container -->
		
		<!-- test dashboard counts setting -->
		<div class="modal bottom-sheet" id="test-count-setting"> 
			<div class="modal-content"> 
				<h5>Configure Tests Count Setting</h5> 
				<input type="radio" class="with-gap" id="parentWithoutNodes" name="test-count-setting" /> 
				<label for="parentWithoutNodes">Parent Tests Only (Does not include child nodes in counts)</label> 
				<br clear="none" /> 
				<input type="radio" class="with-gap" id="parentWithoutNodesAndNodes" name="test-count-setting" /> 
				<label for="parentWithoutNodesAndNodes">Parent Tests Without Child Tests + Child Tests</label> 
				<br clear="none" /> 
				<input type="radio" class="with-gap" id="childNodes" name="test-count-setting" /> 
				<label for="childNodes">Child Tests Only</label> 
			</div> 
			<div class="modal-footer"> 
				<a shape="rect" class="modal-action modal-close waves-effect waves-green btn" href="#!">Save</a> 
			</div> 
		</div>
		<!-- /test dashboard counts setting -->
		
		<!-- filter for step status -->
		<div class="modal bottom-sheet" id="step-status-filter"> 
			<div class="modal-content"> 
				<h5>Select status</h5> 
				<input checked="checked" type="checkbox" class="filled-in" id="step-dashboard-filter-pass" /> 
				<label for="step-dashboard-filter-pass">Pass</label> 
				<br clear="none" /> 
				<input checked="checked" type="checkbox" class="filled-in" id="step-dashboard-filter-fail" /> 
				<label for="step-dashboard-filter-fail">Fail</label> 
				<br clear="none" /> 
				<input checked="checked" type="checkbox" class="filled-in" id="step-dashboard-filter-fatal" /> 
				<label for="step-dashboard-filter-fatal">Fatal</label> 
				<br clear="none" /> 
				<input checked="checked" type="checkbox" class="filled-in" id="step-dashboard-filter-error" /> 
				<label for="step-dashboard-filter-error">Error</label> 
				<br clear="none" /> 
				<input checked="checked" type="checkbox" class="filled-in" id="step-dashboard-filter-warning" /> 
				<label for="step-dashboard-filter-warning">Warning</label> 
				<br clear="none" /> 
				<input checked="checked" type="checkbox" class="filled-in" id="step-dashboard-filter-skip" /> 
				<label for="step-dashboard-filter-skip">Skipped</label> 
				<br clear="none" /> 
				<input checked="checked" type="checkbox" class="filled-in" id="step-dashboard-filter-info" /> 
				<label for="step-dashboard-filter-info">Info</label> 
				<br clear="none" /> 
				<input checked="checked" type="checkbox" class="filled-in" id="step-dashboard-filter-unknown" /> 
				<label for="step-dashboard-filter-unknown">Unknown</label> 
			</div>
			<div class="modal-footer"> 
				<a shape="rect" class="modal-action modal-close waves-effect waves-green btn" href="#!">Save</a> 
			</div> 
		</div>
		<!-- /filter for step status -->
		
		<script src="https://cdn.rawgit.com/anshooarora/extentreports/6032d73243ba4fe4fb8769eb9c315d4fdf16fe68/cdn/extent.js" type="text/javascript" />

		<script>$(document).ready(function() { $('.logo span').html('ExtentReports'); });</script>
		<script>
				
            
                $(document).ready(function() {
                    
                });
            
        
		</script>
	</body></html>
